2023/04/06 17:56:32 [notice] 1#1: signal 3 (SIGQUIT) received, shutting down
2023/04/06 17:56:32 [notice] 22#22: gracefully shutting down
2023/04/06 17:56:32 [notice] 22#22: exiting
2023/04/06 17:56:32 [notice] 23#23: gracefully shutting down
2023/04/06 17:56:32 [notice] 23#23: exiting
2023/04/06 17:56:32 [notice] 22#22: exit
2023/04/06 17:56:32 [notice] 23#23: exit
2023/04/06 17:56:32 [notice] 1#1: signal 17 (SIGCHLD) received from 23
2023/04/06 17:56:32 [notice] 1#1: worker process 22 exited with code 0
2023/04/06 17:56:32 [notice] 1#1: worker process 23 exited with code 0
2023/04/06 17:56:32 [notice] 1#1: exit
2023/04/06 17:56:40 [notice] 1#1: using the "epoll" event method
2023/04/06 17:56:40 [notice] 1#1: nginx/1.20.2
2023/04/06 17:56:40 [notice] 1#1: built by gcc 10.3.1 20210424 (Alpine 10.3.1_git20210424) 
2023/04/06 17:56:40 [notice] 1#1: OS: Linux 5.15.49-linuxkit
2023/04/06 17:56:40 [notice] 1#1: getrlimit(RLIMIT_NOFILE): 1048576:1048576
2023/04/06 17:56:40 [notice] 1#1: start worker processes
2023/04/06 17:56:40 [notice] 1#1: start worker process 22
2023/04/06 17:56:40 [notice] 1#1: start worker process 23
2023/04/06 17:59:59 [notice] 1#1: signal 3 (SIGQUIT) received, shutting down
2023/04/06 17:59:59 [notice] 22#22: gracefully shutting down
2023/04/06 17:59:59 [notice] 23#23: gracefully shutting down
2023/04/06 17:59:59 [notice] 23#23: exiting
2023/04/06 17:59:59 [notice] 22#22: exiting
2023/04/06 17:59:59 [notice] 22#22: exit
2023/04/06 17:59:59 [notice] 23#23: exit
2023/04/06 17:59:59 [notice] 1#1: signal 17 (SIGCHLD) received from 23
2023/04/06 17:59:59 [notice] 1#1: worker process 22 exited with code 0
2023/04/06 17:59:59 [notice] 1#1: worker process 23 exited with code 0
2023/04/06 17:59:59 [notice] 1#1: exit
2023/04/06 18:02:35 [notice] 1#1: using the "epoll" event method
2023/04/06 18:02:35 [notice] 1#1: nginx/1.20.2
2023/04/06 18:02:35 [notice] 1#1: built by gcc 10.3.1 20210424 (Alpine 10.3.1_git20210424) 
2023/04/06 18:02:35 [notice] 1#1: OS: Linux 5.15.49-linuxkit
2023/04/06 18:02:35 [notice] 1#1: getrlimit(RLIMIT_NOFILE): 1048576:1048576
2023/04/06 18:02:35 [notice] 1#1: start worker processes
2023/04/06 18:02:35 [notice] 1#1: start worker process 22
2023/04/06 18:02:35 [notice] 1#1: start worker process 23
2023/04/06 18:03:03 [notice] 1#1: signal 3 (SIGQUIT) received, shutting down
2023/04/06 18:03:03 [notice] 22#22: gracefully shutting down
2023/04/06 18:03:03 [notice] 22#22: exiting
2023/04/06 18:03:03 [notice] 23#23: gracefully shutting down
2023/04/06 18:03:03 [notice] 22#22: exit
2023/04/06 18:03:03 [notice] 23#23: exiting
2023/04/06 18:03:03 [notice] 23#23: exit
2023/04/06 18:03:03 [notice] 1#1: signal 17 (SIGCHLD) received from 22
2023/04/06 18:03:03 [notice] 1#1: worker process 22 exited with code 0
2023/04/06 18:03:03 [notice] 1#1: signal 29 (SIGIO) received
2023/04/06 18:03:03 [notice] 1#1: signal 17 (SIGCHLD) received from 23
2023/04/06 18:03:03 [notice] 1#1: worker process 23 exited with code 0
2023/04/06 18:03:03 [notice] 1#1: exit
2023/04/06 18:03:27 [notice] 1#1: using the "epoll" event method
2023/04/06 18:03:27 [notice] 1#1: nginx/1.20.2
2023/04/06 18:03:27 [notice] 1#1: built by gcc 10.3.1 20210424 (Alpine 10.3.1_git20210424) 
2023/04/06 18:03:27 [notice] 1#1: OS: Linux 5.15.49-linuxkit
2023/04/06 18:03:27 [notice] 1#1: getrlimit(RLIMIT_NOFILE): 1048576:1048576
2023/04/06 18:03:27 [notice] 1#1: start worker processes
2023/04/06 18:03:27 [notice] 1#1: start worker process 22
2023/04/06 18:03:27 [notice] 1#1: start worker process 23
2023/04/06 18:04:14 [notice] 1#1: signal 3 (SIGQUIT) received, shutting down
2023/04/06 18:04:14 [notice] 22#22: gracefully shutting down
2023/04/06 18:04:14 [notice] 23#23: gracefully shutting down
2023/04/06 18:04:14 [notice] 22#22: exiting
2023/04/06 18:04:14 [notice] 22#22: exit
2023/04/06 18:04:14 [notice] 23#23: exiting
2023/04/06 18:04:14 [notice] 23#23: exit
2023/04/06 18:04:14 [notice] 1#1: signal 17 (SIGCHLD) received from 23
2023/04/06 18:04:14 [notice] 1#1: worker process 22 exited with code 0
2023/04/06 18:04:14 [notice] 1#1: worker process 23 exited with code 0
2023/04/06 18:04:14 [notice] 1#1: exit
2023/04/06 18:04:40 [notice] 1#1: using the "epoll" event method
2023/04/06 18:04:40 [notice] 1#1: nginx/1.20.2
2023/04/06 18:04:40 [notice] 1#1: built by gcc 10.3.1 20210424 (Alpine 10.3.1_git20210424) 
2023/04/06 18:04:40 [notice] 1#1: OS: Linux 5.15.49-linuxkit
2023/04/06 18:04:40 [notice] 1#1: getrlimit(RLIMIT_NOFILE): 1048576:1048576
2023/04/06 18:04:40 [notice] 1#1: start worker processes
2023/04/06 18:04:40 [notice] 1#1: start worker process 22
2023/04/06 18:04:40 [notice] 1#1: start worker process 23
2023/04/06 18:08:34 [notice] 1#1: signal 3 (SIGQUIT) received, shutting down
2023/04/06 18:08:34 [notice] 22#22: gracefully shutting down
2023/04/06 18:08:34 [notice] 23#23: gracefully shutting down
2023/04/06 18:08:34 [notice] 22#22: exiting
2023/04/06 18:08:34 [notice] 22#22: exit
2023/04/06 18:08:34 [notice] 23#23: exiting
2023/04/06 18:08:34 [notice] 23#23: exit
2023/04/06 18:08:34 [notice] 1#1: signal 17 (SIGCHLD) received from 23
2023/04/06 18:08:34 [notice] 1#1: worker process 23 exited with code 0
2023/04/06 18:08:34 [notice] 1#1: signal 17 (SIGCHLD) received from 22
2023/04/06 18:08:34 [notice] 1#1: worker process 22 exited with code 0
2023/04/06 18:08:34 [notice] 1#1: exit
2023/04/06 18:08:47 [notice] 1#1: using the "epoll" event method
2023/04/06 18:08:47 [notice] 1#1: nginx/1.20.2
2023/04/06 18:08:47 [notice] 1#1: built by gcc 10.3.1 20210424 (Alpine 10.3.1_git20210424) 
2023/04/06 18:08:47 [notice] 1#1: OS: Linux 5.15.49-linuxkit
2023/04/06 18:08:47 [notice] 1#1: getrlimit(RLIMIT_NOFILE): 1048576:1048576
2023/04/06 18:08:47 [notice] 1#1: start worker processes
2023/04/06 18:08:47 [notice] 1#1: start worker process 22
2023/04/06 18:08:47 [notice] 1#1: start worker process 23
2023/04/06 18:09:19 [notice] 1#1: signal 3 (SIGQUIT) received, shutting down
2023/04/06 18:09:19 [notice] 22#22: gracefully shutting down
2023/04/06 18:09:19 [notice] 22#22: exiting
2023/04/06 18:09:19 [notice] 23#23: gracefully shutting down
2023/04/06 18:09:19 [notice] 23#23: exiting
2023/04/06 18:09:19 [notice] 22#22: exit
2023/04/06 18:09:19 [notice] 23#23: exit
2023/04/06 18:09:19 [notice] 1#1: signal 17 (SIGCHLD) received from 23
2023/04/06 18:09:19 [notice] 1#1: worker process 22 exited with code 0
2023/04/06 18:09:19 [notice] 1#1: worker process 23 exited with code 0
2023/04/06 18:09:19 [notice] 1#1: exit
2023/04/06 18:09:34 [notice] 1#1: using the "epoll" event method
2023/04/06 18:09:34 [notice] 1#1: nginx/1.20.2
2023/04/06 18:09:34 [notice] 1#1: built by gcc 10.3.1 20210424 (Alpine 10.3.1_git20210424) 
2023/04/06 18:09:34 [notice] 1#1: OS: Linux 5.15.49-linuxkit
2023/04/06 18:09:34 [notice] 1#1: getrlimit(RLIMIT_NOFILE): 1048576:1048576
2023/04/06 18:09:34 [notice] 1#1: start worker processes
2023/04/06 18:09:34 [notice] 1#1: start worker process 22
2023/04/06 18:09:34 [notice] 1#1: start worker process 23
2023/04/06 18:11:09 [notice] 1#1: signal 3 (SIGQUIT) received, shutting down
2023/04/06 18:11:09 [notice] 22#22: gracefully shutting down
2023/04/06 18:11:09 [notice] 22#22: exiting
2023/04/06 18:11:09 [notice] 23#23: gracefully shutting down
2023/04/06 18:11:09 [notice] 23#23: exiting
2023/04/06 18:11:09 [notice] 22#22: exit
2023/04/06 18:11:09 [notice] 23#23: exit
2023/04/06 18:11:09 [notice] 1#1: signal 17 (SIGCHLD) received from 23
2023/04/06 18:11:09 [notice] 1#1: worker process 22 exited with code 0
2023/04/06 18:11:09 [notice] 1#1: worker process 23 exited with code 0
2023/04/06 18:11:09 [notice] 1#1: exit
2023/04/06 18:11:55 [notice] 1#1: using the "epoll" event method
2023/04/06 18:11:55 [notice] 1#1: nginx/1.20.2
2023/04/06 18:11:55 [notice] 1#1: built by gcc 10.3.1 20210424 (Alpine 10.3.1_git20210424) 
2023/04/06 18:11:55 [notice] 1#1: OS: Linux 5.15.49-linuxkit
2023/04/06 18:11:55 [notice] 1#1: getrlimit(RLIMIT_NOFILE): 1048576:1048576
2023/04/06 18:11:55 [notice] 1#1: start worker processes
2023/04/06 18:11:55 [notice] 1#1: start worker process 22
2023/04/06 18:11:55 [notice] 1#1: start worker process 23
2023/04/06 18:12:37 [notice] 1#1: signal 3 (SIGQUIT) received, shutting down
2023/04/06 18:12:37 [notice] 23#23: gracefully shutting down
2023/04/06 18:12:37 [notice] 23#23: exiting
2023/04/06 18:12:37 [notice] 22#22: gracefully shutting down
2023/04/06 18:12:37 [notice] 23#23: exit
2023/04/06 18:12:37 [notice] 1#1: signal 17 (SIGCHLD) received from 23
2023/04/06 18:12:37 [notice] 1#1: worker process 23 exited with code 0
2023/04/06 18:12:37 [notice] 1#1: signal 29 (SIGIO) received
2023/04/06 18:13:01 [notice] 1#1: using the "epoll" event method
2023/04/06 18:13:01 [notice] 1#1: nginx/1.20.2
2023/04/06 18:13:01 [notice] 1#1: built by gcc 10.3.1 20210424 (Alpine 10.3.1_git20210424) 
2023/04/06 18:13:01 [notice] 1#1: OS: Linux 5.15.49-linuxkit
2023/04/06 18:13:01 [notice] 1#1: getrlimit(RLIMIT_NOFILE): 1048576:1048576
2023/04/06 18:13:01 [notice] 1#1: start worker processes
2023/04/06 18:13:01 [notice] 1#1: start worker process 22
2023/04/06 18:13:01 [notice] 1#1: start worker process 23
2023/04/06 18:15:34 [notice] 1#1: signal 3 (SIGQUIT) received, shutting down
2023/04/06 18:15:34 [notice] 23#23: gracefully shutting down
2023/04/06 18:15:34 [notice] 23#23: exiting
2023/04/06 18:15:34 [notice] 22#22: gracefully shutting down
2023/04/06 18:15:34 [notice] 22#22: exiting
2023/04/06 18:15:34 [notice] 22#22: exit
2023/04/06 18:15:34 [notice] 23#23: exit
2023/04/06 18:15:34 [notice] 1#1: signal 17 (SIGCHLD) received from 22
2023/04/06 18:15:34 [notice] 1#1: worker process 22 exited with code 0
2023/04/06 18:15:34 [notice] 1#1: worker process 23 exited with code 0
2023/04/06 18:15:34 [notice] 1#1: exit
2023/04/06 18:15:54 [notice] 1#1: using the "epoll" event method
2023/04/06 18:15:54 [notice] 1#1: nginx/1.20.2
2023/04/06 18:15:54 [notice] 1#1: built by gcc 10.3.1 20210424 (Alpine 10.3.1_git20210424) 
2023/04/06 18:15:54 [notice] 1#1: OS: Linux 5.15.49-linuxkit
2023/04/06 18:15:54 [notice] 1#1: getrlimit(RLIMIT_NOFILE): 1048576:1048576
2023/04/06 18:15:54 [notice] 1#1: start worker processes
2023/04/06 18:15:54 [notice] 1#1: start worker process 22
2023/04/06 18:15:54 [notice] 1#1: start worker process 23
2023/04/06 18:16:57 [notice] 1#1: signal 3 (SIGQUIT) received, shutting down
2023/04/06 18:16:57 [notice] 22#22: gracefully shutting down
2023/04/06 18:16:57 [notice] 22#22: exiting
2023/04/06 18:16:57 [notice] 23#23: gracefully shutting down
2023/04/06 18:16:57 [notice] 23#23: exiting
2023/04/06 18:16:57 [notice] 22#22: exit
2023/04/06 18:16:57 [notice] 23#23: exit
2023/04/06 18:16:57 [notice] 1#1: signal 17 (SIGCHLD) received from 22
2023/04/06 18:16:57 [notice] 1#1: worker process 22 exited with code 0
2023/04/06 18:16:57 [notice] 1#1: signal 29 (SIGIO) received
2023/04/06 18:16:57 [notice] 1#1: signal 17 (SIGCHLD) received from 23
2023/04/06 18:16:57 [notice] 1#1: worker process 23 exited with code 0
2023/04/06 18:16:57 [notice] 1#1: exit
2023/04/06 18:17:07 [notice] 1#1: using the "epoll" event method
2023/04/06 18:17:07 [notice] 1#1: nginx/1.20.2
2023/04/06 18:17:07 [notice] 1#1: built by gcc 10.3.1 20210424 (Alpine 10.3.1_git20210424) 
2023/04/06 18:17:07 [notice] 1#1: OS: Linux 5.15.49-linuxkit
2023/04/06 18:17:07 [notice] 1#1: getrlimit(RLIMIT_NOFILE): 1048576:1048576
2023/04/06 18:17:07 [notice] 1#1: start worker processes
2023/04/06 18:17:07 [notice] 1#1: start worker process 22
2023/04/06 18:17:07 [notice] 1#1: start worker process 23
2023/04/06 18:20:27 [notice] 1#1: signal 3 (SIGQUIT) received, shutting down
2023/04/06 18:20:27 [notice] 22#22: gracefully shutting down
2023/04/06 18:20:27 [notice] 22#22: exiting
2023/04/06 18:20:27 [notice] 23#23: gracefully shutting down
2023/04/06 18:20:27 [notice] 23#23: exiting
2023/04/06 18:20:27 [notice] 22#22: exit
2023/04/06 18:20:27 [notice] 23#23: exit
2023/04/06 18:20:27 [notice] 1#1: signal 17 (SIGCHLD) received from 22
2023/04/06 18:20:27 [notice] 1#1: worker process 22 exited with code 0
2023/04/06 18:20:27 [notice] 1#1: signal 17 (SIGCHLD) received from 23
2023/04/06 18:20:27 [notice] 1#1: worker process 23 exited with code 0
2023/04/06 18:20:27 [notice] 1#1: exit
2023/04/06 18:20:48 [notice] 1#1: using the "epoll" event method
2023/04/06 18:20:48 [notice] 1#1: nginx/1.20.2
2023/04/06 18:20:48 [notice] 1#1: built by gcc 10.3.1 20210424 (Alpine 10.3.1_git20210424) 
2023/04/06 18:20:48 [notice] 1#1: OS: Linux 5.15.49-linuxkit
2023/04/06 18:20:48 [notice] 1#1: getrlimit(RLIMIT_NOFILE): 1048576:1048576
2023/04/06 18:20:48 [notice] 1#1: start worker processes
2023/04/06 18:20:48 [notice] 1#1: start worker process 22
2023/04/06 18:20:48 [notice] 1#1: start worker process 23
2023/04/06 18:33:43 [notice] 1#1: signal 3 (SIGQUIT) received, shutting down
2023/04/06 18:33:43 [notice] 23#23: gracefully shutting down
2023/04/06 18:33:43 [notice] 22#22: gracefully shutting down
2023/04/06 18:33:43 [notice] 22#22: exiting
2023/04/06 18:33:43 [notice] 23#23: exiting
2023/04/06 18:33:43 [notice] 23#23: exit
2023/04/06 18:33:43 [notice] 22#22: exit
2023/04/06 18:33:43 [notice] 1#1: signal 17 (SIGCHLD) received from 23
2023/04/06 18:33:43 [notice] 1#1: worker process 22 exited with code 0
2023/04/06 18:33:43 [notice] 1#1: worker process 23 exited with code 0
2023/04/06 18:33:43 [notice] 1#1: exit
2023/04/06 18:35:34 [notice] 1#1: using the "epoll" event method
2023/04/06 18:35:34 [notice] 1#1: nginx/1.20.2
2023/04/06 18:35:34 [notice] 1#1: built by gcc 10.3.1 20210424 (Alpine 10.3.1_git20210424) 
2023/04/06 18:35:34 [notice] 1#1: OS: Linux 5.15.49-linuxkit
2023/04/06 18:35:34 [notice] 1#1: getrlimit(RLIMIT_NOFILE): 1048576:1048576
2023/04/06 18:35:34 [notice] 1#1: start worker processes
2023/04/06 18:35:34 [notice] 1#1: start worker process 22
2023/04/06 18:35:34 [notice] 1#1: start worker process 23
